<?xml version="1.0" encoding="UTF-8"?>
<testsuites name="Cura Appointment" time="33.426" tests="2" failures="0" errors="0">
   <testsuite name="Cura Appointment" tests="2" failures="0" errors="0" time="33.426" skipped="0" timestamp="2022-08-18 15:32:11" hostname="095770 - ndm-nindy.bfi.co.id" id="Test Suites/Cura Appointment/Cura Appointment">
      <properties>
[...]
</properties>
      <testcase name="Test Cases/Cura Appointment/Cura Create Appointment" time="18.004" classname="Test Cases/Cura Appointment/Cura Create Appointment" status="PASSED">
         <system-out><![CDATA[2022-08-18 15:32:11 - [TEST_CASE][PASSED] - Test Cases/Cura Appointment/Cura Create Appointment: Test Cases/Cura Appointment/Cura Create Appointment

2022-08-18 15:32:12 - [TEST_STEP][PASSED] - println(url): null

2022-08-18 15:32:12 - [TEST_STEP][PASSED] - openBrowser(url): Browser is opened with url: 'https://katalon-demo-cura.herokuapp.com/'

2022-08-18 15:32:13 - [MESSAGE][INFO] - Starting 'Chrome' driver

2022-08-18 15:32:13 - [MESSAGE][INFO] - Action delay is set to 0 milliseconds

2022-08-18 15:32:18 - [MESSAGE][PASSED] - Browser is opened with url: 'https://katalon-demo-cura.herokuapp.com/'

2022-08-18 15:32:18 - [TEST_STEP][PASSED] - maximizeWindow(): Current window maximized

2022-08-18 15:32:18 - [MESSAGE][PASSED] - Current window maximized

2022-08-18 15:32:18 - [TEST_STEP][PASSED] - takeScreenshot(): Taking screenshot successfully

2022-08-18 15:32:19 - [MESSAGE][PASSED] - Taking screenshot successfully
[[ATTACHMENT|C:\\Users\\095770\\git\\CuraTest\\Reports\\20220818_153201\\Cura Appointment\\Cura Appointment\\20220818_153201\\1660811539015.png]]

2022-08-18 15:32:19 - [TEST_STEP][PASSED] - click(findTestObject("Page_CURA Healthcare Service/Button_Make Appointment")): Object: 'Object Repository/Page_CURA Healthcare Service/Button_Make Appointment' is clicked on

2022-08-18 15:32:20 - [MESSAGE][PASSED] - Object: 'Object Repository/Page_CURA Healthcare Service/Button_Make Appointment' is clicked on

2022-08-18 15:32:20 - [TEST_STEP][PASSED] - setText(findTestObject("Page_CURA Healthcare Service/Input_Username"), username): Text 'John Doe' is set on object 'Object Repository/Page_CURA Healthcare Service/Input_Username'

2022-08-18 15:32:21 - [MESSAGE][PASSED] - Text 'John Doe' is set on object 'Object Repository/Page_CURA Healthcare Service/Input_Username'

2022-08-18 15:32:21 - [TEST_STEP][PASSED] - setText(findTestObject("Page_CURA Healthcare Service/Input_Password"), password): Text 'ThisIsNotAPassword' is set on object 'Object Repository/Page_CURA Healthcare Service/Input_Password'

2022-08-18 15:32:22 - [MESSAGE][PASSED] - Text 'ThisIsNotAPassword' is set on object 'Object Repository/Page_CURA Healthcare Service/Input_Password'

2022-08-18 15:32:22 - [TEST_STEP][PASSED] - takeScreenshot(): Taking screenshot successfully

2022-08-18 15:32:22 - [MESSAGE][PASSED] - Taking screenshot successfully
[[ATTACHMENT|C:\\Users\\095770\\git\\CuraTest\\Reports\\20220818_153201\\Cura Appointment\\Cura Appointment\\20220818_153201\\1660811542641.png]]

2022-08-18 15:32:22 - [TEST_STEP][PASSED] - click(findTestObject("Page_CURA Healthcare Service/button_Login")): Object: 'Object Repository/Page_CURA Healthcare Service/button_Login' is clicked on

2022-08-18 15:32:23 - [MESSAGE][PASSED] - Object: 'Object Repository/Page_CURA Healthcare Service/button_Login' is clicked on

2022-08-18 15:32:23 - [TEST_STEP][PASSED] - takeScreenshot(): Taking screenshot successfully

2022-08-18 15:32:24 - [MESSAGE][PASSED] - Taking screenshot successfully
[[ATTACHMENT|C:\\Users\\095770\\git\\CuraTest\\Reports\\20220818_153201\\Cura Appointment\\Cura Appointment\\20220818_153201\\1660811544162.png]]

2022-08-18 15:32:24 - [TEST_STEP][PASSED] - selectOptionByValue(findTestObject("Page_CURA Healthcare Service/Select_Healtcare Center"), HealthCareCenter, false): All options with value 'Hongkong CURA Healthcare Center' are selected in object 'Object Repository/Page_CURA Healthcare Service/Select_Healtcare Center' 

2022-08-18 15:32:25 - [MESSAGE][PASSED] - All options with value 'Hongkong CURA Healthcare Center' are selected in object 'Object Repository/Page_CURA Healthcare Service/Select_Healtcare Center' 

2022-08-18 15:32:25 - [TEST_STEP][PASSED] - setText(findTestObject("Page_CURA Healthcare Service/Input_Date"), DateAppointment): Text '22/08/2022' is set on object 'Object Repository/Page_CURA Healthcare Service/Input_Date'

2022-08-18 15:32:25 - [MESSAGE][PASSED] - Text '22/08/2022' is set on object 'Object Repository/Page_CURA Healthcare Service/Input_Date'

2022-08-18 15:32:25 - [TEST_STEP][PASSED] - setText(findTestObject("Page_CURA Healthcare Service/Text_Comment"), Comment): Text '12' is set on object 'Object Repository/Page_CURA Healthcare Service/Text_Comment'

2022-08-18 15:32:26 - [MESSAGE][PASSED] - Text '12' is set on object 'Object Repository/Page_CURA Healthcare Service/Text_Comment'

2022-08-18 15:32:26 - [TEST_STEP][PASSED] - takeScreenshot(): Taking screenshot successfully

2022-08-18 15:32:27 - [MESSAGE][PASSED] - Taking screenshot successfully
[[ATTACHMENT|C:\\Users\\095770\\git\\CuraTest\\Reports\\20220818_153201\\Cura Appointment\\Cura Appointment\\20220818_153201\\1660811547061.png]]

2022-08-18 15:32:27 - [TEST_STEP][PASSED] - click(findTestObject("Page_CURA Healthcare Service/button_Book Appointment")): Object: 'Object Repository/Page_CURA Healthcare Service/button_Book Appointment' is clicked on

2022-08-18 15:32:28 - [MESSAGE][PASSED] - Object: 'Object Repository/Page_CURA Healthcare Service/button_Book Appointment' is clicked on

2022-08-18 15:32:28 - [TEST_STEP][PASSED] - CheckPoint = verifyElementVisible(findTestObject("Page_CURA Healthcare Service/Label_Appointment has been booked")): Object 'Object Repository/Page_CURA Healthcare Service/Label_Appointment has been booked' is visible

2022-08-18 15:32:28 - [MESSAGE][PASSED] - Object 'Object Repository/Page_CURA Healthcare Service/Label_Appointment has been booked' is visible

2022-08-18 15:32:28 - [TEST_STEP][PASSED] - println(CheckPoint): null

2022-08-18 15:32:28 - [TEST_STEP][PASSED] - if (CheckPoint == false): null

2022-08-18 15:32:28 - [TEST_STEP][PASSED] - else: null

2022-08-18 15:32:28 - [TEST_STEP][PASSED] - println("booking gagal"): null

2022-08-18 15:32:28 - [TEST_STEP][PASSED] - closeBrowser(): Browser is closed

2022-08-18 15:32:29 - [MESSAGE][PASSED] - Browser is closed]]></system-out>
         <system-err><![CDATA[]]></system-err>
      </testcase>
      <testcase name="Test Cases/Cura Appointment/Cura Create Appointment" time="14.749" classname="Test Cases/Cura Appointment/Cura Create Appointment" status="PASSED">
         <system-out><![CDATA[2022-08-18 15:32:29 - [TEST_CASE][PASSED] - Test Cases/Cura Appointment/Cura Create Appointment: Test Cases/Cura Appointment/Cura Create Appointment

2022-08-18 15:32:29 - [TEST_STEP][PASSED] - println(url): null

2022-08-18 15:32:29 - [TEST_STEP][PASSED] - openBrowser(url): Browser is opened with url: 'https://katalon-demo-cura.herokuapp.com/'

2022-08-18 15:32:29 - [MESSAGE][INFO] - Starting 'Chrome' driver

2022-08-18 15:32:29 - [MESSAGE][INFO] - Action delay is set to 0 milliseconds

2022-08-18 15:32:33 - [MESSAGE][PASSED] - Browser is opened with url: 'https://katalon-demo-cura.herokuapp.com/'

2022-08-18 15:32:33 - [TEST_STEP][PASSED] - maximizeWindow(): Current window maximized

2022-08-18 15:32:34 - [MESSAGE][PASSED] - Current window maximized

2022-08-18 15:32:34 - [TEST_STEP][PASSED] - takeScreenshot(): Taking screenshot successfully

2022-08-18 15:32:35 - [MESSAGE][PASSED] - Taking screenshot successfully
[[ATTACHMENT|C:\\Users\\095770\\git\\CuraTest\\Reports\\20220818_153201\\Cura Appointment\\Cura Appointment\\20220818_153201\\1660811554388.png]]

2022-08-18 15:32:35 - [TEST_STEP][PASSED] - click(findTestObject("Page_CURA Healthcare Service/Button_Make Appointment")): Object: 'Object Repository/Page_CURA Healthcare Service/Button_Make Appointment' is clicked on

2022-08-18 15:32:36 - [MESSAGE][PASSED] - Object: 'Object Repository/Page_CURA Healthcare Service/Button_Make Appointment' is clicked on

2022-08-18 15:32:36 - [TEST_STEP][PASSED] - setText(findTestObject("Page_CURA Healthcare Service/Input_Username"), username): Text 'John Doe' is set on object 'Object Repository/Page_CURA Healthcare Service/Input_Username'

2022-08-18 15:32:36 - [MESSAGE][PASSED] - Text 'John Doe' is set on object 'Object Repository/Page_CURA Healthcare Service/Input_Username'

2022-08-18 15:32:36 - [TEST_STEP][PASSED] - setText(findTestObject("Page_CURA Healthcare Service/Input_Password"), password): Text 'ThisIsNotAPassword' is set on object 'Object Repository/Page_CURA Healthcare Service/Input_Password'

2022-08-18 15:32:37 - [MESSAGE][PASSED] - Text 'ThisIsNotAPassword' is set on object 'Object Repository/Page_CURA Healthcare Service/Input_Password'

2022-08-18 15:32:37 - [TEST_STEP][PASSED] - takeScreenshot(): Taking screenshot successfully

2022-08-18 15:32:38 - [MESSAGE][PASSED] - Taking screenshot successfully
[[ATTACHMENT|C:\\Users\\095770\\git\\CuraTest\\Reports\\20220818_153201\\Cura Appointment\\Cura Appointment\\20220818_153201\\1660811557887.png]]

2022-08-18 15:32:38 - [TEST_STEP][PASSED] - click(findTestObject("Page_CURA Healthcare Service/button_Login")): Object: 'Object Repository/Page_CURA Healthcare Service/button_Login' is clicked on

2022-08-18 15:32:39 - [MESSAGE][PASSED] - Object: 'Object Repository/Page_CURA Healthcare Service/button_Login' is clicked on

2022-08-18 15:32:39 - [TEST_STEP][PASSED] - takeScreenshot(): Taking screenshot successfully

2022-08-18 15:32:39 - [MESSAGE][PASSED] - Taking screenshot successfully
[[ATTACHMENT|C:\\Users\\095770\\git\\CuraTest\\Reports\\20220818_153201\\Cura Appointment\\Cura Appointment\\20220818_153201\\1660811559306.png]]

2022-08-18 15:32:39 - [TEST_STEP][PASSED] - selectOptionByValue(findTestObject("Page_CURA Healthcare Service/Select_Healtcare Center"), HealthCareCenter, false): All options with value 'Hongkong CURA Healthcare Center' are selected in object 'Object Repository/Page_CURA Healthcare Service/Select_Healtcare Center' 

2022-08-18 15:32:40 - [MESSAGE][PASSED] - All options with value 'Hongkong CURA Healthcare Center' are selected in object 'Object Repository/Page_CURA Healthcare Service/Select_Healtcare Center' 

2022-08-18 15:32:40 - [TEST_STEP][PASSED] - setText(findTestObject("Page_CURA Healthcare Service/Input_Date"), DateAppointment): Text '25/08/2022' is set on object 'Object Repository/Page_CURA Healthcare Service/Input_Date'

2022-08-18 15:32:41 - [MESSAGE][PASSED] - Text '25/08/2022' is set on object 'Object Repository/Page_CURA Healthcare Service/Input_Date'

2022-08-18 15:32:41 - [TEST_STEP][PASSED] - setText(findTestObject("Page_CURA Healthcare Service/Text_Comment"), Comment): Text '12' is set on object 'Object Repository/Page_CURA Healthcare Service/Text_Comment'

2022-08-18 15:32:41 - [MESSAGE][PASSED] - Text '12' is set on object 'Object Repository/Page_CURA Healthcare Service/Text_Comment'

2022-08-18 15:32:41 - [TEST_STEP][PASSED] - takeScreenshot(): Taking screenshot successfully

2022-08-18 15:32:42 - [MESSAGE][PASSED] - Taking screenshot successfully
[[ATTACHMENT|C:\\Users\\095770\\git\\CuraTest\\Reports\\20220818_153201\\Cura Appointment\\Cura Appointment\\20220818_153201\\1660811562242.png]]

2022-08-18 15:32:42 - [TEST_STEP][PASSED] - click(findTestObject("Page_CURA Healthcare Service/button_Book Appointment")): Object: 'Object Repository/Page_CURA Healthcare Service/button_Book Appointment' is clicked on

2022-08-18 15:32:43 - [MESSAGE][PASSED] - Object: 'Object Repository/Page_CURA Healthcare Service/button_Book Appointment' is clicked on

2022-08-18 15:32:43 - [TEST_STEP][PASSED] - CheckPoint = verifyElementVisible(findTestObject("Page_CURA Healthcare Service/Label_Appointment has been booked")): Object 'Object Repository/Page_CURA Healthcare Service/Label_Appointment has been booked' is visible

2022-08-18 15:32:43 - [MESSAGE][PASSED] - Object 'Object Repository/Page_CURA Healthcare Service/Label_Appointment has been booked' is visible

2022-08-18 15:32:43 - [TEST_STEP][PASSED] - println(CheckPoint): null

2022-08-18 15:32:43 - [TEST_STEP][PASSED] - if (CheckPoint == false): null

2022-08-18 15:32:43 - [TEST_STEP][PASSED] - else: null

2022-08-18 15:32:43 - [TEST_STEP][PASSED] - println("booking gagal"): null

2022-08-18 15:32:43 - [TEST_STEP][PASSED] - closeBrowser(): Browser is closed

2022-08-18 15:32:44 - [MESSAGE][PASSED] - Browser is closed]]></system-out>
         <system-err><![CDATA[]]></system-err>
      </testcase>
      <system-out><![CDATA[2022-08-18 15:32:11 - [TEST_SUITE][PASSED] - Cura Appointment: Test Cases/Cura Appointment/Cura Create Appointment]]></system-out>
      <system-err><![CDATA[]]></system-err>
   </testsuite>
</testsuites>
