<?xml version="1.0" encoding="UTF-8"?>
<testsuites name="Cura Appointment" time="34.322" tests="2" failures="0" errors="0">
   <testsuite name="Cura Appointment" tests="2" failures="0" errors="0" time="34.322" skipped="0" timestamp="2022-08-18 15:28:32" hostname="095770 - ndm-nindy.bfi.co.id" id="Test Suites/Cura Appointment/Cura Appointment">
      <properties>
[...]
</properties>
      <testcase name="Test Cases/Cura Appointment/Cura Create Appointment" time="18.2" classname="Test Cases/Cura Appointment/Cura Create Appointment" status="PASSED">
         <system-out><![CDATA[2022-08-18 15:28:33 - [TEST_CASE][PASSED] - Test Cases/Cura Appointment/Cura Create Appointment: Test Cases/Cura Appointment/Cura Create Appointment

2022-08-18 15:28:34 - [TEST_STEP][PASSED] - println(url): null

2022-08-18 15:28:34 - [TEST_STEP][PASSED] - openBrowser(url): Browser is opened with url: 'https://katalon-demo-cura.herokuapp.com/'

2022-08-18 15:28:35 - [MESSAGE][INFO] - Starting 'Chrome' driver

2022-08-18 15:28:35 - [MESSAGE][INFO] - Action delay is set to 0 milliseconds

2022-08-18 15:28:40 - [MESSAGE][PASSED] - Browser is opened with url: 'https://katalon-demo-cura.herokuapp.com/'

2022-08-18 15:28:40 - [TEST_STEP][PASSED] - maximizeWindow(): Current window maximized

2022-08-18 15:28:40 - [MESSAGE][PASSED] - Current window maximized

2022-08-18 15:28:40 - [TEST_STEP][PASSED] - takeScreenshot(): Taking screenshot successfully

2022-08-18 15:28:41 - [MESSAGE][PASSED] - Taking screenshot successfully
[[ATTACHMENT|C:\\Users\\095770\\git\\CuraTest\\Reports\\20220818_152824\\Cura Appointment\\Cura Appointment\\20220818_152824\\1660811320656.png]]

2022-08-18 15:28:41 - [TEST_STEP][PASSED] - click(findTestObject("Page_CURA Healthcare Service/Button_Make Appointment")): Object: 'Object Repository/Page_CURA Healthcare Service/Button_Make Appointment' is clicked on

2022-08-18 15:28:42 - [MESSAGE][PASSED] - Object: 'Object Repository/Page_CURA Healthcare Service/Button_Make Appointment' is clicked on

2022-08-18 15:28:42 - [TEST_STEP][PASSED] - setText(findTestObject("Page_CURA Healthcare Service/Input_Username"), username): Text 'John Doe' is set on object 'Object Repository/Page_CURA Healthcare Service/Input_Username'

2022-08-18 15:28:43 - [MESSAGE][PASSED] - Text 'John Doe' is set on object 'Object Repository/Page_CURA Healthcare Service/Input_Username'

2022-08-18 15:28:43 - [TEST_STEP][PASSED] - setText(findTestObject("Page_CURA Healthcare Service/Input_Password"), password): Text 'ThisIsNotAPassword' is set on object 'Object Repository/Page_CURA Healthcare Service/Input_Password'

2022-08-18 15:28:44 - [MESSAGE][PASSED] - Text 'ThisIsNotAPassword' is set on object 'Object Repository/Page_CURA Healthcare Service/Input_Password'

2022-08-18 15:28:44 - [TEST_STEP][PASSED] - takeScreenshot(): Taking screenshot successfully

2022-08-18 15:28:44 - [MESSAGE][PASSED] - Taking screenshot successfully
[[ATTACHMENT|C:\\Users\\095770\\git\\CuraTest\\Reports\\20220818_152824\\Cura Appointment\\Cura Appointment\\20220818_152824\\1660811324326.png]]

2022-08-18 15:28:44 - [TEST_STEP][PASSED] - click(findTestObject("Page_CURA Healthcare Service/button_Login")): Object: 'Object Repository/Page_CURA Healthcare Service/button_Login' is clicked on

2022-08-18 15:28:45 - [MESSAGE][PASSED] - Object: 'Object Repository/Page_CURA Healthcare Service/button_Login' is clicked on

2022-08-18 15:28:45 - [TEST_STEP][PASSED] - takeScreenshot(): Taking screenshot successfully

2022-08-18 15:28:46 - [MESSAGE][PASSED] - Taking screenshot successfully
[[ATTACHMENT|C:\\Users\\095770\\git\\CuraTest\\Reports\\20220818_152824\\Cura Appointment\\Cura Appointment\\20220818_152824\\1660811325768.png]]

2022-08-18 15:28:46 - [TEST_STEP][PASSED] - selectOptionByValue(findTestObject("Page_CURA Healthcare Service/Select_Healtcare Center"), HealthCareCenter, false): All options with value 'Hongkong CURA Healthcare Center' are selected in object 'Object Repository/Page_CURA Healthcare Service/Select_Healtcare Center' 

2022-08-18 15:28:46 - [MESSAGE][PASSED] - All options with value 'Hongkong CURA Healthcare Center' are selected in object 'Object Repository/Page_CURA Healthcare Service/Select_Healtcare Center' 

2022-08-18 15:28:46 - [TEST_STEP][PASSED] - setText(findTestObject("Page_CURA Healthcare Service/Input_Date"), DateAppointment): Text '22/08/2022' is set on object 'Object Repository/Page_CURA Healthcare Service/Input_Date'

2022-08-18 15:28:47 - [MESSAGE][PASSED] - Text '22/08/2022' is set on object 'Object Repository/Page_CURA Healthcare Service/Input_Date'

2022-08-18 15:28:47 - [TEST_STEP][PASSED] - setText(findTestObject("Page_CURA Healthcare Service/Text_Comment"), Comment): Text '12' is set on object 'Object Repository/Page_CURA Healthcare Service/Text_Comment'

2022-08-18 15:28:48 - [MESSAGE][PASSED] - Text '12' is set on object 'Object Repository/Page_CURA Healthcare Service/Text_Comment'

2022-08-18 15:28:48 - [TEST_STEP][PASSED] - takeScreenshot(): Taking screenshot successfully

2022-08-18 15:28:48 - [MESSAGE][PASSED] - Taking screenshot successfully
[[ATTACHMENT|C:\\Users\\095770\\git\\CuraTest\\Reports\\20220818_152824\\Cura Appointment\\Cura Appointment\\20220818_152824\\1660811328745.png]]

2022-08-18 15:28:48 - [TEST_STEP][PASSED] - click(findTestObject("Page_CURA Healthcare Service/button_Book Appointment")): Object: 'Object Repository/Page_CURA Healthcare Service/button_Book Appointment' is clicked on

2022-08-18 15:28:49 - [MESSAGE][PASSED] - Object: 'Object Repository/Page_CURA Healthcare Service/button_Book Appointment' is clicked on

2022-08-18 15:28:49 - [TEST_STEP][PASSED] - CheckPoint = verifyElementVisible(findTestObject("Page_CURA Healthcare Service/Label_Appointment has been booked")): Object 'Object Repository/Page_CURA Healthcare Service/Label_Appointment has been booked' is visible

2022-08-18 15:28:50 - [MESSAGE][PASSED] - Object 'Object Repository/Page_CURA Healthcare Service/Label_Appointment has been booked' is visible

2022-08-18 15:28:50 - [TEST_STEP][PASSED] - println(CheckPoint): null

2022-08-18 15:28:50 - [TEST_STEP][PASSED] - if (CheckPoint == true): Taking screenshot successfully

2022-08-18 15:28:50 - [TEST_STEP][PASSED] - println("Booking berhasil"): null

2022-08-18 15:28:50 - [TEST_STEP][PASSED] - takeScreenshot(): Taking screenshot successfully

2022-08-18 15:28:50 - [MESSAGE][PASSED] - Taking screenshot successfully
[[ATTACHMENT|C:\\Users\\095770\\git\\CuraTest\\Reports\\20220818_152824\\Cura Appointment\\Cura Appointment\\20220818_152824\\1660811330368.png]]

2022-08-18 15:28:50 - [TEST_STEP][PASSED] - closeBrowser(): Browser is closed

2022-08-18 15:28:51 - [MESSAGE][PASSED] - Browser is closed]]></system-out>
         <system-err><![CDATA[]]></system-err>
      </testcase>
      <testcase name="Test Cases/Cura Appointment/Cura Create Appointment" time="15.486" classname="Test Cases/Cura Appointment/Cura Create Appointment" status="PASSED">
         <system-out><![CDATA[2022-08-18 15:28:51 - [TEST_CASE][PASSED] - Test Cases/Cura Appointment/Cura Create Appointment: Test Cases/Cura Appointment/Cura Create Appointment

2022-08-18 15:28:51 - [TEST_STEP][PASSED] - println(url): null

2022-08-18 15:28:51 - [TEST_STEP][PASSED] - openBrowser(url): Browser is opened with url: 'https://katalon-demo-cura.herokuapp.com/'

2022-08-18 15:28:51 - [MESSAGE][INFO] - Starting 'Chrome' driver

2022-08-18 15:28:51 - [MESSAGE][INFO] - Action delay is set to 0 milliseconds

2022-08-18 15:28:56 - [MESSAGE][PASSED] - Browser is opened with url: 'https://katalon-demo-cura.herokuapp.com/'

2022-08-18 15:28:56 - [TEST_STEP][PASSED] - maximizeWindow(): Current window maximized

2022-08-18 15:28:56 - [MESSAGE][PASSED] - Current window maximized

2022-08-18 15:28:56 - [TEST_STEP][PASSED] - takeScreenshot(): Taking screenshot successfully

2022-08-18 15:28:57 - [MESSAGE][PASSED] - Taking screenshot successfully
[[ATTACHMENT|C:\\Users\\095770\\git\\CuraTest\\Reports\\20220818_152824\\Cura Appointment\\Cura Appointment\\20220818_152824\\1660811336522.png]]

2022-08-18 15:28:57 - [TEST_STEP][PASSED] - click(findTestObject("Page_CURA Healthcare Service/Button_Make Appointment")): Object: 'Object Repository/Page_CURA Healthcare Service/Button_Make Appointment' is clicked on

2022-08-18 15:28:58 - [MESSAGE][PASSED] - Object: 'Object Repository/Page_CURA Healthcare Service/Button_Make Appointment' is clicked on

2022-08-18 15:28:58 - [TEST_STEP][PASSED] - setText(findTestObject("Page_CURA Healthcare Service/Input_Username"), username): Text 'John Doe' is set on object 'Object Repository/Page_CURA Healthcare Service/Input_Username'

2022-08-18 15:28:58 - [MESSAGE][PASSED] - Text 'John Doe' is set on object 'Object Repository/Page_CURA Healthcare Service/Input_Username'

2022-08-18 15:28:58 - [TEST_STEP][PASSED] - setText(findTestObject("Page_CURA Healthcare Service/Input_Password"), password): Text 'ThisIsNotAPassword' is set on object 'Object Repository/Page_CURA Healthcare Service/Input_Password'

2022-08-18 15:28:59 - [MESSAGE][PASSED] - Text 'ThisIsNotAPassword' is set on object 'Object Repository/Page_CURA Healthcare Service/Input_Password'

2022-08-18 15:28:59 - [TEST_STEP][PASSED] - takeScreenshot(): Taking screenshot successfully

2022-08-18 15:29:00 - [MESSAGE][PASSED] - Taking screenshot successfully
[[ATTACHMENT|C:\\Users\\095770\\git\\CuraTest\\Reports\\20220818_152824\\Cura Appointment\\Cura Appointment\\20220818_152824\\1660811339986.png]]

2022-08-18 15:29:00 - [TEST_STEP][PASSED] - click(findTestObject("Page_CURA Healthcare Service/button_Login")): Object: 'Object Repository/Page_CURA Healthcare Service/button_Login' is clicked on

2022-08-18 15:29:01 - [MESSAGE][PASSED] - Object: 'Object Repository/Page_CURA Healthcare Service/button_Login' is clicked on

2022-08-18 15:29:01 - [TEST_STEP][PASSED] - takeScreenshot(): Taking screenshot successfully

2022-08-18 15:29:01 - [MESSAGE][PASSED] - Taking screenshot successfully
[[ATTACHMENT|C:\\Users\\095770\\git\\CuraTest\\Reports\\20220818_152824\\Cura Appointment\\Cura Appointment\\20220818_152824\\1660811341575.png]]

2022-08-18 15:29:01 - [TEST_STEP][PASSED] - selectOptionByValue(findTestObject("Page_CURA Healthcare Service/Select_Healtcare Center"), HealthCareCenter, false): All options with value 'Hongkong CURA Healthcare Center' are selected in object 'Object Repository/Page_CURA Healthcare Service/Select_Healtcare Center' 

2022-08-18 15:29:02 - [MESSAGE][PASSED] - All options with value 'Hongkong CURA Healthcare Center' are selected in object 'Object Repository/Page_CURA Healthcare Service/Select_Healtcare Center' 

2022-08-18 15:29:02 - [TEST_STEP][PASSED] - setText(findTestObject("Page_CURA Healthcare Service/Input_Date"), DateAppointment): Text '25/08/2022' is set on object 'Object Repository/Page_CURA Healthcare Service/Input_Date'

2022-08-18 15:29:03 - [MESSAGE][PASSED] - Text '25/08/2022' is set on object 'Object Repository/Page_CURA Healthcare Service/Input_Date'

2022-08-18 15:29:03 - [TEST_STEP][PASSED] - setText(findTestObject("Page_CURA Healthcare Service/Text_Comment"), Comment): Text '12' is set on object 'Object Repository/Page_CURA Healthcare Service/Text_Comment'

2022-08-18 15:29:04 - [MESSAGE][PASSED] - Text '12' is set on object 'Object Repository/Page_CURA Healthcare Service/Text_Comment'

2022-08-18 15:29:04 - [TEST_STEP][PASSED] - takeScreenshot(): Taking screenshot successfully

2022-08-18 15:29:04 - [MESSAGE][PASSED] - Taking screenshot successfully
[[ATTACHMENT|C:\\Users\\095770\\git\\CuraTest\\Reports\\20220818_152824\\Cura Appointment\\Cura Appointment\\20220818_152824\\1660811344439.png]]

2022-08-18 15:29:04 - [TEST_STEP][PASSED] - click(findTestObject("Page_CURA Healthcare Service/button_Book Appointment")): Object: 'Object Repository/Page_CURA Healthcare Service/button_Book Appointment' is clicked on

2022-08-18 15:29:05 - [MESSAGE][PASSED] - Object: 'Object Repository/Page_CURA Healthcare Service/button_Book Appointment' is clicked on

2022-08-18 15:29:05 - [TEST_STEP][PASSED] - CheckPoint = verifyElementVisible(findTestObject("Page_CURA Healthcare Service/Label_Appointment has been booked")): Object 'Object Repository/Page_CURA Healthcare Service/Label_Appointment has been booked' is visible

2022-08-18 15:29:05 - [MESSAGE][PASSED] - Object 'Object Repository/Page_CURA Healthcare Service/Label_Appointment has been booked' is visible

2022-08-18 15:29:05 - [TEST_STEP][PASSED] - println(CheckPoint): null

2022-08-18 15:29:05 - [TEST_STEP][PASSED] - if (CheckPoint == true): Taking screenshot successfully

2022-08-18 15:29:05 - [TEST_STEP][PASSED] - println("Booking berhasil"): null

2022-08-18 15:29:05 - [TEST_STEP][PASSED] - takeScreenshot(): Taking screenshot successfully

2022-08-18 15:29:06 - [MESSAGE][PASSED] - Taking screenshot successfully
[[ATTACHMENT|C:\\Users\\095770\\git\\CuraTest\\Reports\\20220818_152824\\Cura Appointment\\Cura Appointment\\20220818_152824\\1660811346016.png]]

2022-08-18 15:29:06 - [TEST_STEP][PASSED] - closeBrowser(): Browser is closed

2022-08-18 15:29:07 - [MESSAGE][PASSED] - Browser is closed]]></system-out>
         <system-err><![CDATA[]]></system-err>
      </testcase>
      <system-out><![CDATA[2022-08-18 15:28:32 - [TEST_SUITE][PASSED] - Cura Appointment: Test Cases/Cura Appointment/Cura Create Appointment]]></system-out>
      <system-err><![CDATA[]]></system-err>
   </testsuite>
</testsuites>
